<?xml version="1.0" encoding="UTF-8"?>
<!-- Generated by org.testng.reporters.JUnitReportReporter -->
<testsuite hostname="DESKTOP-AHJ7FPI" failures="0" tests="2" name="com.test.Alerts.PromptAlertExample" time="9.585" errors="0" timestamp="2025-01-25T09:29:03 IST" skipped="0">
  <testcase classname="com.test.Alerts.PromptAlertExample" name="promptAlertOkay" time="4.108"/>
  <testcase classname="com.test.Alerts.PromptAlertExample" name="promptAlertDismiss" time="5.477"/>
</testsuite> <!-- com.test.Alerts.PromptAlertExample -->
