<?xml version="1.0" encoding="UTF-8"?>
<!-- Generated by org.testng.reporters.JUnitReportReporter -->
<testsuite hostname="DESKTOP-AHJ7FPI" failures="0" tests="1" name="com.test.DatePick" time="14.899" errors="0" timestamp="2025-01-28T11:15:04 IST" skipped="0">
  <testcase classname="com.test.DatePick" name="datePick2" time="14.899"/>
</testsuite> <!-- com.test.DatePick -->
