<?xml version="1.0" encoding="UTF-8"?>
<!-- Generated by org.testng.reporters.JUnitReportReporter -->
<testsuite hostname="DESKTOP-AHJ7FPI" failures="0" tests="1" name="com.test.scrollTypes.PixelScroll" time="5.404" errors="0" timestamp="2025-01-25T20:34:47 IST" skipped="0">
  <testcase classname="com.test.scrollTypes.PixelScroll" name="pixelScroll" time="5.404"/>
</testsuite> <!-- com.test.scrollTypes.PixelScroll -->
