<?xml version="1.0" encoding="UTF-8"?>
<!-- Generated by org.testng.reporters.JUnitReportReporter -->
<testsuite hostname="DESKTOP-AHJ7FPI" failures="0" tests="2" name="com.test.Alerts.SimpleAlertOkay" time="15.416" errors="0" timestamp="2025-01-28T11:15:04 IST" skipped="0">
  <testcase classname="com.test.Alerts.SimpleAlertOkay" name="ConfirmAlertOkay" time="8.743"/>
  <testcase classname="com.test.Alerts.SimpleAlertOkay" name="SimpleAlert" time="6.673"/>
</testsuite> <!-- com.test.Alerts.SimpleAlertOkay -->
