<?xml version="1.0" encoding="UTF-8"?>
<!-- Generated by org.testng.reporters.JUnitReportReporter -->
<testsuite hostname="DESKTOP-AHJ7FPI" failures="0" tests="1" name="com.test.AlertsExample" time="5.321" errors="0" timestamp="2025-01-25T08:54:49 IST" skipped="0">
  <testcase classname="com.test.AlertsExample" name="SimpleAlert" time="5.321"/>
</testsuite> <!-- com.test.AlertsExample -->
