<?xml version="1.0" encoding="UTF-8"?>
<!-- Generated by org.testng.reporters.JUnitReportReporter -->
<testsuite hostname="DESKTOP-AHJ7FPI" failures="0" tests="2" name="com.test.NewTabTest" time="24.710" errors="0" timestamp="2025-01-28T11:15:04 IST" skipped="0">
  <testcase classname="com.test.NewTabTest" name="newWindowTest" time="10.962"/>
  <testcase classname="com.test.NewTabTest" name="newTabTest" time="13.748"/>
</testsuite> <!-- com.test.NewTabTest -->
