<?xml version="1.0" encoding="UTF-8"?>
<!-- Generated by org.testng.reporters.JUnitReportReporter -->
<testsuite hostname="DESKTOP-AHJ7FPI" failures="0" tests="1" name="com.test.DatePickByIco" time="13.577" errors="0" timestamp="2025-01-28T11:15:04 IST" skipped="0">
  <testcase classname="com.test.DatePickByIco" name="datePickByIcon" time="13.577"/>
</testsuite> <!-- com.test.DatePickByIco -->
