<?xml version="1.0" encoding="UTF-8"?>
<!-- Generated by org.testng.reporters.JUnitReportReporter -->
<testsuite hostname="DESKTOP-AHJ7FPI" failures="0" tests="2" name="com.test.NewTabTest" time="17.931" errors="0" timestamp="2025-01-25T21:59:05 IST" skipped="0">
  <testcase classname="com.test.NewTabTest" name="newWindowTest" time="11.012"/>
  <testcase classname="com.test.NewTabTest" name="newTabTest" time="6.919"/>
</testsuite> <!-- com.test.NewTabTest -->
