<?xml version="1.0" encoding="UTF-8"?>
<!-- Generated by org.testng.reporters.JUnitReportReporter -->
<testsuite hostname="DESKTOP-AHJ7FPI" failures="0" tests="2" name="com.test.Alerts.ConfirmationOkay" time="18.714" errors="0" timestamp="2025-01-28T11:15:04 IST" skipped="0">
  <testcase classname="com.test.Alerts.ConfirmationOkay" name="ConfirmAlertDismiss" time="9.711"/>
  <testcase classname="com.test.Alerts.ConfirmationOkay" name="ConfirmAlertOkay" time="9.003"/>
</testsuite> <!-- com.test.Alerts.ConfirmationOkay -->
