<?xml version="1.0" encoding="UTF-8"?>
<!-- Generated by org.testng.reporters.JUnitReportReporter -->
<testsuite hostname="DESKTOP-AHJ7FPI" failures="0" tests="1" name="com.test.HandleLinks" time="6.331" errors="0" timestamp="2025-01-25T21:59:05 IST" skipped="0">
  <testcase classname="com.test.HandleLinks" name="newTabTest" time="6.331"/>
</testsuite> <!-- com.test.HandleLinks -->
