<?xml version="1.0" encoding="UTF-8"?>
<!-- Generated by org.testng.reporters.JUnitReportReporter -->
<testsuite hostname="DESKTOP-AHJ7FPI" failures="0" tests="2" name="com.test.Alerts.ConfirmationOkay" time="9.382" errors="0" timestamp="2025-01-25T09:07:26 IST" skipped="0">
  <testcase classname="com.test.Alerts.ConfirmationOkay" name="ConfirmAlertOkay" time="4.226"/>
  <testcase classname="com.test.Alerts.ConfirmationOkay" name="ConfirmAlertDismiss" time="5.156"/>
</testsuite> <!-- com.test.Alerts.ConfirmationOkay -->
