<?xml version="1.0" encoding="UTF-8"?>
<!-- Generated by org.testng.reporters.JUnitReportReporter -->
<testsuite hostname="DESKTOP-AHJ7FPI" failures="0" tests="1" name="com.test.upload.DragandDropUpload" time="7.981" errors="0" timestamp="2025-01-28T10:21:30 IST" skipped="0">
  <testcase classname="com.test.upload.DragandDropUpload" name="dragAndDropUpload" time="7.981"/>
</testsuite> <!-- com.test.upload.DragandDropUpload -->
