<?xml version="1.0" encoding="UTF-8"?>
<!-- Generated by org.testng.reporters.JUnitReportReporter -->
<testsuite hostname="DESKTOP-AHJ7FPI" failures="0" tests="1" name="com.test.DragAnddroptest" time="6.036" errors="0" timestamp="2025-01-28T11:15:04 IST" skipped="0">
  <testcase classname="com.test.DragAnddroptest" name="fileUpload" time="6.036"/>
</testsuite> <!-- com.test.DragAnddroptest -->
