<?xml version="1.0" encoding="UTF-8"?>
<!-- Generated by org.testng.reporters.JUnitReportReporter -->
<testsuite hostname="DESKTOP-AHJ7FPI" failures="0" tests="2" name="com.test.Alerts.PromptAlertExample" time="17.169" errors="0" timestamp="2025-01-28T11:15:04 IST" skipped="0">
  <testcase classname="com.test.Alerts.PromptAlertExample" name="promptAlertDismiss" time="10.836"/>
  <testcase classname="com.test.Alerts.PromptAlertExample" name="promptAlertOkay" time="6.333"/>
</testsuite> <!-- com.test.Alerts.PromptAlertExample -->
