<?xml version="1.0" encoding="UTF-8"?>
<!-- Generated by org.testng.reporters.JUnitReportReporter -->
<testsuite hostname="DESKTOP-AHJ7FPI" failures="0" tests="1" name="com.test.DatePickByIco" time="4.455" errors="0" timestamp="2025-01-25T22:25:08 IST" skipped="0">
  <testcase classname="com.test.DatePickByIco" name="datePickByIcon" time="4.455"/>
</testsuite> <!-- com.test.DatePickByIco -->
