<?xml version="1.0" encoding="UTF-8"?>
<!-- Generated by org.testng.reporters.JUnitReportReporter -->
<testsuite hostname="DESKTOP-AHJ7FPI" failures="0" tests="1" name="com.test.HiddenElement" time="3.591" errors="0" timestamp="2025-01-25T21:59:05 IST" skipped="0">
  <testcase classname="com.test.HiddenElement" name="hiddenElement" time="3.591"/>
</testsuite> <!-- com.test.HiddenElement -->
