<?xml version="1.0" encoding="UTF-8"?>
<!-- Generated by org.testng.reporters.JUnitReportReporter -->
<testsuite hostname="DESKTOP-AHJ7FPI" failures="0" tests="1" name="com.test.Slider" time="5.690" errors="0" timestamp="2025-01-25T11:26:58 IST" skipped="0">
  <testcase classname="com.test.Slider" name="slidertest" time="5.690"/>
</testsuite> <!-- com.test.Slider -->
